c:\users\tamim\onedrive\documents\github\behold--the-light\light\light\debug\vc141.pdb
c:\users\tamim\onedrive\documents\github\behold--the-light\light\light\debug\vc141.idb
c:\users\tamim\onedrive\documents\github\behold--the-light\light\light\debug\main.obj
c:\users\tamim\onedrive\documents\github\behold--the-light\light\light\debug\stb_image.obj
c:\users\tamim\onedrive\documents\github\behold--the-light\light\light\debug\imgui_tables.obj
c:\users\tamim\onedrive\documents\github\behold--the-light\light\light\debug\imgui_impl_opengl3.obj
c:\users\tamim\onedrive\documents\github\behold--the-light\light\light\debug\imgui_impl_glfw.obj
c:\users\tamim\onedrive\documents\github\behold--the-light\light\light\debug\imgui_draw.obj
c:\users\tamim\onedrive\documents\github\behold--the-light\light\light\debug\imgui_demo.obj
c:\users\tamim\onedrive\documents\github\behold--the-light\light\light\debug\imgui.obj
c:\users\tamim\onedrive\documents\github\behold--the-light\light\light\debug\glad.obj
c:\users\tamim\onedrive\documents\github\behold--the-light\light\debug\light.pdb
c:\users\tamim\onedrive\documents\github\behold--the-light\light\light\debug\light.tlog\cl.command.1.tlog
c:\users\tamim\onedrive\documents\github\behold--the-light\light\light\debug\light.tlog\cl.read.1.tlog
c:\users\tamim\onedrive\documents\github\behold--the-light\light\light\debug\light.tlog\cl.write.1.tlog
c:\users\tamim\onedrive\documents\github\behold--the-light\light\light\debug\light.tlog\link-cvtres.read.1.tlog
c:\users\tamim\onedrive\documents\github\behold--the-light\light\light\debug\light.tlog\link-cvtres.write.1.tlog
c:\users\tamim\onedrive\documents\github\behold--the-light\light\light\debug\light.tlog\link-rc.read.1.tlog
c:\users\tamim\onedrive\documents\github\behold--the-light\light\light\debug\light.tlog\link-rc.write.1.tlog
c:\users\tamim\onedrive\documents\github\behold--the-light\light\light\debug\light.tlog\link.command.1.tlog
c:\users\tamim\onedrive\documents\github\behold--the-light\light\light\debug\light.tlog\link.read.1.tlog
c:\users\tamim\onedrive\documents\github\behold--the-light\light\light\debug\light.tlog\link.write.1.tlog
